ARM GAS  C:\Users\iborg\AppData\Local\Temp\cc7Z7CNK.s 			page 1


   1              		.syntax unified
   2              		.cpu cortex-m0
   3              		.fpu softvfp
   4              		.eabi_attribute 20, 1
   5              		.eabi_attribute 21, 1
   6              		.eabi_attribute 23, 3
   7              		.eabi_attribute 24, 1
   8              		.eabi_attribute 25, 1
   9              		.eabi_attribute 26, 1
  10              		.eabi_attribute 30, 1
  11              		.eabi_attribute 34, 0
  12              		.eabi_attribute 18, 4
  13              		.thumb
  14              		.syntax unified
  15              		.file	"main.c"
  16              		.text
  17              	.Ltext0:
  18              		.cfi_sections	.debug_frame
  19              		.section	.text.main,"ax",%progbits
  20              		.align	2
  21              		.global	main
  22              		.code	16
  23              		.thumb_func
  24              		.type	main, %function
  25              	main:
  26              	.LFB32:
  27              		.file 1 "main.c"
   1:main.c        **** /* ========================================
   2:main.c        ****  *
   3:main.c        ****  * Copyright YOUR COMPANY, THE YEAR
   4:main.c        ****  * All Rights Reserved
   5:main.c        ****  * UNPUBLISHED, LICENSED SOFTWARE.
   6:main.c        ****  *
   7:main.c        ****  * CONFIDENTIAL AND PROPRIETARY INFORMATION
   8:main.c        ****  * WHICH IS THE PROPERTY OF your company.
   9:main.c        ****  *
  10:main.c        ****  * ========================================
  11:main.c        **** */
  12:main.c        **** #include <project.h>
  13:main.c        **** 
  14:main.c        **** int main (void)
  15:main.c        **** {
  28              		.loc 1 15 0
  29              		.cfi_startproc
  30              		@ args = 0, pretend = 0, frame = 0
  31              		@ frame_needed = 0, uses_anonymous_args = 0
  32 0000 10B5     		push	{r4, lr}
  33              		.cfi_def_cfa_offset 8
  34              		.cfi_offset 4, -8
  35              		.cfi_offset 14, -4
  16:main.c        ****     CyGlobalIntEnable;      /* Enable global interrupts */
  36              		.loc 1 16 0
  37              		.syntax divided
  38              	@ 16 "main.c" 1
  39 0002 62B6     		CPSIE   i
  40              	@ 0 "" 2
  17:main.c        ****     
ARM GAS  C:\Users\iborg\AppData\Local\Temp\cc7Z7CNK.s 			page 2


  18:main.c        ****     /* Place your initialization/startup code here (e.g. MyInst_Start()) */
  19:main.c        ****     
  20:main.c        ****     LCD_Seg_1_Init();
  41              		.loc 1 20 0
  42              		.thumb
  43              		.syntax unified
  44 0004 FFF7FEFF 		bl	LCD_Seg_1_Init
  45              	.LVL0:
  21:main.c        ****     LCD_Seg_1_Enable();
  46              		.loc 1 21 0
  47 0008 FFF7FEFF 		bl	LCD_Seg_1_Enable
  48              	.LVL1:
  22:main.c        ****     LCD_Seg_1_Start();
  49              		.loc 1 22 0
  50 000c FFF7FEFF 		bl	LCD_Seg_1_Start
  51              	.LVL2:
  23:main.c        ****     
  24:main.c        ****     uint8_t v = 0;
  52              		.loc 1 24 0
  53 0010 0020     		movs	r0, #0
  54 0012 02E0     		b	.L2
  55              	.LVL3:
  56              	.L6:
  25:main.c        ****     for(;;)
  26:main.c        ****     {
  27:main.c        ****         /* Place your application code here */
  28:main.c        ****         
  29:main.c        ****         LCD_Seg_1_Write7SegDigit_0(v++, 0);
  57              		.loc 1 29 0
  58 0014 2000     		movs	r0, r4
  59 0016 00E0     		b	.L2
  60              	.L5:
  30:main.c        ****         CyDelay(300);
  31:main.c        ****         if(v > 0xf) {
  32:main.c        ****             v = 0;
  61              		.loc 1 32 0
  62 0018 0020     		movs	r0, #0
  63              	.LVL4:
  64              	.L2:
  29:main.c        ****         CyDelay(300);
  65              		.loc 1 29 0
  66 001a 441C     		adds	r4, r0, #1
  67 001c E4B2     		uxtb	r4, r4
  68              	.LVL5:
  69 001e 0021     		movs	r1, #0
  70 0020 FFF7FEFF 		bl	LCD_Seg_1_Write7SegDigit_0
  71              	.LVL6:
  30:main.c        ****         CyDelay(300);
  72              		.loc 1 30 0
  73 0024 9620     		movs	r0, #150
  74 0026 4000     		lsls	r0, r0, #1
  75 0028 FFF7FEFF 		bl	CyDelay
  76              	.LVL7:
  31:main.c        ****             v = 0;
  77              		.loc 1 31 0
  78 002c 0F2C     		cmp	r4, #15
  79 002e F3D8     		bhi	.L5
ARM GAS  C:\Users\iborg\AppData\Local\Temp\cc7Z7CNK.s 			page 3


  80 0030 F0E7     		b	.L6
  81              		.cfi_endproc
  82              	.LFE32:
  83              		.size	main, .-main
  84 0032 C046     		.text
  85              	.Letext0:
  86              		.file 2 "c:\\program files (x86)\\cypress\\psoc creator\\4.4\\psoc creator\\import\\gnu\\arm\\5.4.
  87              		.file 3 "c:\\program files (x86)\\cypress\\psoc creator\\4.4\\psoc creator\\import\\gnu\\arm\\5.4.
  88              		.file 4 "Generated_Source\\PSoC4/LCD_Seg_1.h"
  89              		.file 5 "Generated_Source\\PSoC4/CyLib.h"
  90              		.section	.debug_info,"",%progbits
  91              	.Ldebug_info0:
  92 0000 3E010000 		.4byte	0x13e
  93 0004 0400     		.2byte	0x4
  94 0006 00000000 		.4byte	.Ldebug_abbrev0
  95 000a 04       		.byte	0x4
  96 000b 01       		.uleb128 0x1
  97 000c 16010000 		.4byte	.LASF21
  98 0010 0C       		.byte	0xc
  99 0011 1B000000 		.4byte	.LASF22
 100 0015 C6000000 		.4byte	.LASF23
 101 0019 00000000 		.4byte	.Ldebug_ranges0+0
 102 001d 00000000 		.4byte	0
 103 0021 00000000 		.4byte	.Ldebug_line0
 104 0025 02       		.uleb128 0x2
 105 0026 01       		.byte	0x1
 106 0027 06       		.byte	0x6
 107 0028 B7010000 		.4byte	.LASF0
 108 002c 03       		.uleb128 0x3
 109 002d 67000000 		.4byte	.LASF9
 110 0031 02       		.byte	0x2
 111 0032 1D       		.byte	0x1d
 112 0033 37000000 		.4byte	0x37
 113 0037 02       		.uleb128 0x2
 114 0038 01       		.byte	0x1
 115 0039 08       		.byte	0x8
 116 003a 84000000 		.4byte	.LASF1
 117 003e 02       		.uleb128 0x2
 118 003f 02       		.byte	0x2
 119 0040 05       		.byte	0x5
 120 0041 CF010000 		.4byte	.LASF2
 121 0045 02       		.uleb128 0x2
 122 0046 02       		.byte	0x2
 123 0047 07       		.byte	0x7
 124 0048 A4010000 		.4byte	.LASF3
 125 004c 02       		.uleb128 0x2
 126 004d 04       		.byte	0x4
 127 004e 05       		.byte	0x5
 128 004f A2000000 		.4byte	.LASF4
 129 0053 02       		.uleb128 0x2
 130 0054 04       		.byte	0x4
 131 0055 07       		.byte	0x7
 132 0056 3E000000 		.4byte	.LASF5
 133 005a 02       		.uleb128 0x2
 134 005b 08       		.byte	0x8
 135 005c 05       		.byte	0x5
 136 005d 00000000 		.4byte	.LASF6
ARM GAS  C:\Users\iborg\AppData\Local\Temp\cc7Z7CNK.s 			page 4


 137 0061 02       		.uleb128 0x2
 138 0062 08       		.byte	0x8
 139 0063 07       		.byte	0x7
 140 0064 50000000 		.4byte	.LASF7
 141 0068 04       		.uleb128 0x4
 142 0069 04       		.byte	0x4
 143 006a 05       		.byte	0x5
 144 006b 696E7400 		.ascii	"int\000"
 145 006f 02       		.uleb128 0x2
 146 0070 04       		.byte	0x4
 147 0071 07       		.byte	0x7
 148 0072 0E000000 		.4byte	.LASF8
 149 0076 03       		.uleb128 0x3
 150 0077 7C000000 		.4byte	.LASF10
 151 007b 03       		.byte	0x3
 152 007c 18       		.byte	0x18
 153 007d 2C000000 		.4byte	0x2c
 154 0081 02       		.uleb128 0x2
 155 0082 04       		.byte	0x4
 156 0083 04       		.byte	0x4
 157 0084 71000000 		.4byte	.LASF11
 158 0088 02       		.uleb128 0x2
 159 0089 08       		.byte	0x8
 160 008a 04       		.byte	0x4
 161 008b 0F010000 		.4byte	.LASF12
 162 008f 02       		.uleb128 0x2
 163 0090 01       		.byte	0x1
 164 0091 08       		.byte	0x8
 165 0092 77000000 		.4byte	.LASF13
 166 0096 02       		.uleb128 0x2
 167 0097 08       		.byte	0x8
 168 0098 04       		.byte	0x4
 169 0099 C3010000 		.4byte	.LASF14
 170 009d 02       		.uleb128 0x2
 171 009e 04       		.byte	0x4
 172 009f 07       		.byte	0x7
 173 00a0 EA010000 		.4byte	.LASF15
 174 00a4 05       		.uleb128 0x5
 175 00a5 22000000 		.4byte	.LASF24
 176 00a9 01       		.byte	0x1
 177 00aa 0E       		.byte	0xe
 178 00ab 68000000 		.4byte	0x68
 179 00af 00000000 		.4byte	.LFB32
 180 00b3 32000000 		.4byte	.LFE32-.LFB32
 181 00b7 01       		.uleb128 0x1
 182 00b8 9C       		.byte	0x9c
 183 00b9 0A010000 		.4byte	0x10a
 184 00bd 06       		.uleb128 0x6
 185 00be 7600     		.ascii	"v\000"
 186 00c0 01       		.byte	0x1
 187 00c1 18       		.byte	0x18
 188 00c2 76000000 		.4byte	0x76
 189 00c6 00000000 		.4byte	.LLST0
 190 00ca 07       		.uleb128 0x7
 191 00cb 08000000 		.4byte	.LVL0
 192 00cf 0A010000 		.4byte	0x10a
 193 00d3 07       		.uleb128 0x7
ARM GAS  C:\Users\iborg\AppData\Local\Temp\cc7Z7CNK.s 			page 5


 194 00d4 0C000000 		.4byte	.LVL1
 195 00d8 15010000 		.4byte	0x115
 196 00dc 07       		.uleb128 0x7
 197 00dd 10000000 		.4byte	.LVL2
 198 00e1 20010000 		.4byte	0x120
 199 00e5 08       		.uleb128 0x8
 200 00e6 24000000 		.4byte	.LVL6
 201 00ea 2B010000 		.4byte	0x12b
 202 00ee F8000000 		.4byte	0xf8
 203 00f2 09       		.uleb128 0x9
 204 00f3 01       		.uleb128 0x1
 205 00f4 51       		.byte	0x51
 206 00f5 01       		.uleb128 0x1
 207 00f6 30       		.byte	0x30
 208 00f7 00       		.byte	0
 209 00f8 0A       		.uleb128 0xa
 210 00f9 2C000000 		.4byte	.LVL7
 211 00fd 36010000 		.4byte	0x136
 212 0101 09       		.uleb128 0x9
 213 0102 01       		.uleb128 0x1
 214 0103 50       		.byte	0x50
 215 0104 03       		.uleb128 0x3
 216 0105 0A       		.byte	0xa
 217 0106 2C01     		.2byte	0x12c
 218 0108 00       		.byte	0
 219 0109 00       		.byte	0
 220 010a 0B       		.uleb128 0xb
 221 010b 27000000 		.4byte	.LASF16
 222 010f 27000000 		.4byte	.LASF16
 223 0113 04       		.byte	0x4
 224 0114 2F       		.byte	0x2f
 225 0115 0B       		.uleb128 0xb
 226 0116 D9010000 		.4byte	.LASF17
 227 011a D9010000 		.4byte	.LASF17
 228 011e 04       		.byte	0x4
 229 011f 30       		.byte	0x30
 230 0120 0B       		.uleb128 0xb
 231 0121 92000000 		.4byte	.LASF18
 232 0125 92000000 		.4byte	.LASF18
 233 0129 04       		.byte	0x4
 234 012a 31       		.byte	0x31
 235 012b 0B       		.uleb128 0xb
 236 012c AB000000 		.4byte	.LASF19
 237 0130 AB000000 		.4byte	.LASF19
 238 0134 04       		.byte	0x4
 239 0135 42       		.byte	0x42
 240 0136 0B       		.uleb128 0xb
 241 0137 36000000 		.4byte	.LASF20
 242 013b 36000000 		.4byte	.LASF20
 243 013f 05       		.byte	0x5
 244 0140 EC       		.byte	0xec
 245 0141 00       		.byte	0
 246              		.section	.debug_abbrev,"",%progbits
 247              	.Ldebug_abbrev0:
 248 0000 01       		.uleb128 0x1
 249 0001 11       		.uleb128 0x11
 250 0002 01       		.byte	0x1
ARM GAS  C:\Users\iborg\AppData\Local\Temp\cc7Z7CNK.s 			page 6


 251 0003 25       		.uleb128 0x25
 252 0004 0E       		.uleb128 0xe
 253 0005 13       		.uleb128 0x13
 254 0006 0B       		.uleb128 0xb
 255 0007 03       		.uleb128 0x3
 256 0008 0E       		.uleb128 0xe
 257 0009 1B       		.uleb128 0x1b
 258 000a 0E       		.uleb128 0xe
 259 000b 55       		.uleb128 0x55
 260 000c 17       		.uleb128 0x17
 261 000d 11       		.uleb128 0x11
 262 000e 01       		.uleb128 0x1
 263 000f 10       		.uleb128 0x10
 264 0010 17       		.uleb128 0x17
 265 0011 00       		.byte	0
 266 0012 00       		.byte	0
 267 0013 02       		.uleb128 0x2
 268 0014 24       		.uleb128 0x24
 269 0015 00       		.byte	0
 270 0016 0B       		.uleb128 0xb
 271 0017 0B       		.uleb128 0xb
 272 0018 3E       		.uleb128 0x3e
 273 0019 0B       		.uleb128 0xb
 274 001a 03       		.uleb128 0x3
 275 001b 0E       		.uleb128 0xe
 276 001c 00       		.byte	0
 277 001d 00       		.byte	0
 278 001e 03       		.uleb128 0x3
 279 001f 16       		.uleb128 0x16
 280 0020 00       		.byte	0
 281 0021 03       		.uleb128 0x3
 282 0022 0E       		.uleb128 0xe
 283 0023 3A       		.uleb128 0x3a
 284 0024 0B       		.uleb128 0xb
 285 0025 3B       		.uleb128 0x3b
 286 0026 0B       		.uleb128 0xb
 287 0027 49       		.uleb128 0x49
 288 0028 13       		.uleb128 0x13
 289 0029 00       		.byte	0
 290 002a 00       		.byte	0
 291 002b 04       		.uleb128 0x4
 292 002c 24       		.uleb128 0x24
 293 002d 00       		.byte	0
 294 002e 0B       		.uleb128 0xb
 295 002f 0B       		.uleb128 0xb
 296 0030 3E       		.uleb128 0x3e
 297 0031 0B       		.uleb128 0xb
 298 0032 03       		.uleb128 0x3
 299 0033 08       		.uleb128 0x8
 300 0034 00       		.byte	0
 301 0035 00       		.byte	0
 302 0036 05       		.uleb128 0x5
 303 0037 2E       		.uleb128 0x2e
 304 0038 01       		.byte	0x1
 305 0039 3F       		.uleb128 0x3f
 306 003a 19       		.uleb128 0x19
 307 003b 03       		.uleb128 0x3
ARM GAS  C:\Users\iborg\AppData\Local\Temp\cc7Z7CNK.s 			page 7


 308 003c 0E       		.uleb128 0xe
 309 003d 3A       		.uleb128 0x3a
 310 003e 0B       		.uleb128 0xb
 311 003f 3B       		.uleb128 0x3b
 312 0040 0B       		.uleb128 0xb
 313 0041 27       		.uleb128 0x27
 314 0042 19       		.uleb128 0x19
 315 0043 49       		.uleb128 0x49
 316 0044 13       		.uleb128 0x13
 317 0045 8701     		.uleb128 0x87
 318 0047 19       		.uleb128 0x19
 319 0048 11       		.uleb128 0x11
 320 0049 01       		.uleb128 0x1
 321 004a 12       		.uleb128 0x12
 322 004b 06       		.uleb128 0x6
 323 004c 40       		.uleb128 0x40
 324 004d 18       		.uleb128 0x18
 325 004e 9742     		.uleb128 0x2117
 326 0050 19       		.uleb128 0x19
 327 0051 01       		.uleb128 0x1
 328 0052 13       		.uleb128 0x13
 329 0053 00       		.byte	0
 330 0054 00       		.byte	0
 331 0055 06       		.uleb128 0x6
 332 0056 34       		.uleb128 0x34
 333 0057 00       		.byte	0
 334 0058 03       		.uleb128 0x3
 335 0059 08       		.uleb128 0x8
 336 005a 3A       		.uleb128 0x3a
 337 005b 0B       		.uleb128 0xb
 338 005c 3B       		.uleb128 0x3b
 339 005d 0B       		.uleb128 0xb
 340 005e 49       		.uleb128 0x49
 341 005f 13       		.uleb128 0x13
 342 0060 02       		.uleb128 0x2
 343 0061 17       		.uleb128 0x17
 344 0062 00       		.byte	0
 345 0063 00       		.byte	0
 346 0064 07       		.uleb128 0x7
 347 0065 898201   		.uleb128 0x4109
 348 0068 00       		.byte	0
 349 0069 11       		.uleb128 0x11
 350 006a 01       		.uleb128 0x1
 351 006b 31       		.uleb128 0x31
 352 006c 13       		.uleb128 0x13
 353 006d 00       		.byte	0
 354 006e 00       		.byte	0
 355 006f 08       		.uleb128 0x8
 356 0070 898201   		.uleb128 0x4109
 357 0073 01       		.byte	0x1
 358 0074 11       		.uleb128 0x11
 359 0075 01       		.uleb128 0x1
 360 0076 31       		.uleb128 0x31
 361 0077 13       		.uleb128 0x13
 362 0078 01       		.uleb128 0x1
 363 0079 13       		.uleb128 0x13
 364 007a 00       		.byte	0
ARM GAS  C:\Users\iborg\AppData\Local\Temp\cc7Z7CNK.s 			page 8


 365 007b 00       		.byte	0
 366 007c 09       		.uleb128 0x9
 367 007d 8A8201   		.uleb128 0x410a
 368 0080 00       		.byte	0
 369 0081 02       		.uleb128 0x2
 370 0082 18       		.uleb128 0x18
 371 0083 9142     		.uleb128 0x2111
 372 0085 18       		.uleb128 0x18
 373 0086 00       		.byte	0
 374 0087 00       		.byte	0
 375 0088 0A       		.uleb128 0xa
 376 0089 898201   		.uleb128 0x4109
 377 008c 01       		.byte	0x1
 378 008d 11       		.uleb128 0x11
 379 008e 01       		.uleb128 0x1
 380 008f 31       		.uleb128 0x31
 381 0090 13       		.uleb128 0x13
 382 0091 00       		.byte	0
 383 0092 00       		.byte	0
 384 0093 0B       		.uleb128 0xb
 385 0094 2E       		.uleb128 0x2e
 386 0095 00       		.byte	0
 387 0096 3F       		.uleb128 0x3f
 388 0097 19       		.uleb128 0x19
 389 0098 3C       		.uleb128 0x3c
 390 0099 19       		.uleb128 0x19
 391 009a 6E       		.uleb128 0x6e
 392 009b 0E       		.uleb128 0xe
 393 009c 03       		.uleb128 0x3
 394 009d 0E       		.uleb128 0xe
 395 009e 3A       		.uleb128 0x3a
 396 009f 0B       		.uleb128 0xb
 397 00a0 3B       		.uleb128 0x3b
 398 00a1 0B       		.uleb128 0xb
 399 00a2 00       		.byte	0
 400 00a3 00       		.byte	0
 401 00a4 00       		.byte	0
 402              		.section	.debug_loc,"",%progbits
 403              	.Ldebug_loc0:
 404              	.LLST0:
 405 0000 10000000 		.4byte	.LVL2
 406 0004 14000000 		.4byte	.LVL3
 407 0008 0200     		.2byte	0x2
 408 000a 30       		.byte	0x30
 409 000b 9F       		.byte	0x9f
 410 000c 14000000 		.4byte	.LVL3
 411 0010 1A000000 		.4byte	.LVL4
 412 0014 0100     		.2byte	0x1
 413 0016 54       		.byte	0x54
 414 0017 1A000000 		.4byte	.LVL4
 415 001b 1E000000 		.4byte	.LVL5
 416 001f 0100     		.2byte	0x1
 417 0021 50       		.byte	0x50
 418 0022 1E000000 		.4byte	.LVL5
 419 0026 32000000 		.4byte	.LFE32
 420 002a 0100     		.2byte	0x1
 421 002c 54       		.byte	0x54
ARM GAS  C:\Users\iborg\AppData\Local\Temp\cc7Z7CNK.s 			page 9


 422 002d 00000000 		.4byte	0
 423 0031 00000000 		.4byte	0
 424              		.section	.debug_aranges,"",%progbits
 425 0000 1C000000 		.4byte	0x1c
 426 0004 0200     		.2byte	0x2
 427 0006 00000000 		.4byte	.Ldebug_info0
 428 000a 04       		.byte	0x4
 429 000b 00       		.byte	0
 430 000c 0000     		.2byte	0
 431 000e 0000     		.2byte	0
 432 0010 00000000 		.4byte	.LFB32
 433 0014 32000000 		.4byte	.LFE32-.LFB32
 434 0018 00000000 		.4byte	0
 435 001c 00000000 		.4byte	0
 436              		.section	.debug_ranges,"",%progbits
 437              	.Ldebug_ranges0:
 438 0000 00000000 		.4byte	.LFB32
 439 0004 32000000 		.4byte	.LFE32
 440 0008 00000000 		.4byte	0
 441 000c 00000000 		.4byte	0
 442              		.section	.debug_line,"",%progbits
 443              	.Ldebug_line0:
 444 0000 6A010000 		.section	.debug_str,"MS",%progbits,1
 444      02004B01 
 444      00000201 
 444      FB0E0D00 
 444      01010101 
 445              	.LASF6:
 446 0000 6C6F6E67 		.ascii	"long long int\000"
 446      206C6F6E 
 446      6720696E 
 446      7400
 447              	.LASF8:
 448 000e 756E7369 		.ascii	"unsigned int\000"
 448      676E6564 
 448      20696E74 
 448      00
 449              	.LASF22:
 450 001b 6D61696E 		.ascii	"main.c\000"
 450      2E6300
 451              	.LASF24:
 452 0022 6D61696E 		.ascii	"main\000"
 452      00
 453              	.LASF16:
 454 0027 4C43445F 		.ascii	"LCD_Seg_1_Init\000"
 454      5365675F 
 454      315F496E 
 454      697400
 455              	.LASF20:
 456 0036 43794465 		.ascii	"CyDelay\000"
 456      6C617900 
 457              	.LASF5:
 458 003e 6C6F6E67 		.ascii	"long unsigned int\000"
 458      20756E73 
 458      69676E65 
 458      6420696E 
 458      7400
ARM GAS  C:\Users\iborg\AppData\Local\Temp\cc7Z7CNK.s 			page 10


 459              	.LASF7:
 460 0050 6C6F6E67 		.ascii	"long long unsigned int\000"
 460      206C6F6E 
 460      6720756E 
 460      7369676E 
 460      65642069 
 461              	.LASF9:
 462 0067 5F5F7569 		.ascii	"__uint8_t\000"
 462      6E74385F 
 462      7400
 463              	.LASF11:
 464 0071 666C6F61 		.ascii	"float\000"
 464      7400
 465              	.LASF13:
 466 0077 63686172 		.ascii	"char\000"
 466      00
 467              	.LASF10:
 468 007c 75696E74 		.ascii	"uint8_t\000"
 468      385F7400 
 469              	.LASF1:
 470 0084 756E7369 		.ascii	"unsigned char\000"
 470      676E6564 
 470      20636861 
 470      7200
 471              	.LASF18:
 472 0092 4C43445F 		.ascii	"LCD_Seg_1_Start\000"
 472      5365675F 
 472      315F5374 
 472      61727400 
 473              	.LASF4:
 474 00a2 6C6F6E67 		.ascii	"long int\000"
 474      20696E74 
 474      00
 475              	.LASF19:
 476 00ab 4C43445F 		.ascii	"LCD_Seg_1_Write7SegDigit_0\000"
 476      5365675F 
 476      315F5772 
 476      69746537 
 476      53656744 
 477              	.LASF23:
 478 00c6 433A5C55 		.ascii	"C:\\Users\\iborg\\Documents\\working\\BigOleLCD\\PS"
 478      73657273 
 478      5C69626F 
 478      72675C44 
 478      6F63756D 
 479 00f3 4F43576F 		.ascii	"OCWorkspace\\BigOleLCD.cydsn\000"
 479      726B7370 
 479      6163655C 
 479      4269674F 
 479      6C654C43 
 480              	.LASF12:
 481 010f 646F7562 		.ascii	"double\000"
 481      6C6500
 482              	.LASF21:
 483 0116 474E5520 		.ascii	"GNU C11 5.4.1 20160609 (release) [ARM/embedded-5-br"
 483      43313120 
 483      352E342E 
ARM GAS  C:\Users\iborg\AppData\Local\Temp\cc7Z7CNK.s 			page 11


 483      31203230 
 483      31363036 
 484 0149 616E6368 		.ascii	"anch revision 237715] -mcpu=cortex-m0 -mthumb -g -O"
 484      20726576 
 484      6973696F 
 484      6E203233 
 484      37373135 
 485 017c 67202D66 		.ascii	"g -ffunction-sections -ffat-lto-objects\000"
 485      66756E63 
 485      74696F6E 
 485      2D736563 
 485      74696F6E 
 486              	.LASF3:
 487 01a4 73686F72 		.ascii	"short unsigned int\000"
 487      7420756E 
 487      7369676E 
 487      65642069 
 487      6E7400
 488              	.LASF0:
 489 01b7 7369676E 		.ascii	"signed char\000"
 489      65642063 
 489      68617200 
 490              	.LASF14:
 491 01c3 6C6F6E67 		.ascii	"long double\000"
 491      20646F75 
 491      626C6500 
 492              	.LASF2:
 493 01cf 73686F72 		.ascii	"short int\000"
 493      7420696E 
 493      7400
 494              	.LASF17:
 495 01d9 4C43445F 		.ascii	"LCD_Seg_1_Enable\000"
 495      5365675F 
 495      315F456E 
 495      61626C65 
 495      00
 496              	.LASF15:
 497 01ea 73697A65 		.ascii	"sizetype\000"
 497      74797065 
 497      00
 498              		.ident	"GCC: (GNU Tools for ARM Embedded Processors) 5.4.1 20160609 (release) [ARM/embedded-5-bran
