Loading plugins phase: Elapsed time ==> 0s.113ms
<CYPRESSTAG name="CyDsfit arguments...">
cydsfit arguments: -.fdsnotice -.fdswarpdepfile=warp_dependencies.txt -.fdselabdepfile=elab_dependencies.txt -.fdsbldfile=generated_files.txt -.fdsreffile=referenced_files.txt -p C:\Users\iborg\Documents\working\BigOleLCD\PSOCWorkspace\BigOleLCD.cydsn\BigOleLCD.cyprj -d CY8C4245AXI-483 -s C:\Users\iborg\Documents\working\BigOleLCD\PSOCWorkspace\BigOleLCD.cydsn\Generated_Source\PSoC4 -- -yv2 -q10 -ygs -o2 -v3 -.fftcfgtype=LE
</CYPRESSTAG>
<CYPRESSTAG name="Design elaboration results...">
</CYPRESSTAG>
Elaboration phase: Elapsed time ==> 0s.883ms
<CYPRESSTAG name="HDL generation results...">
</CYPRESSTAG>
HDL generation phase: Elapsed time ==> 0s.026ms
<CYPRESSTAG name="Synthesis results...">

     | | | | | | |
   _________________
  -|               |-
  -|               |-
  -|               |-
  -|    CYPRESS    |-
  -|               |-
  -|               |-   Warp Verilog Synthesis Compiler: Version 6.3 IR 41
  -|               |-   Copyright (C) 1991-2001 Cypress Semiconductor
   |_______________|
     | | | | | | |

======================================================================
Compiling:  BigOleLCD.v
Program  :   C:\Program Files (x86)\Cypress\PSoC Creator\4.4\PSoC Creator\warp\bin\warp.exe
Options  :    -yv2 -q10 -ygs -o2 -v3 -.fftcfgtype=LE -ya -.fftprj=C:\Users\iborg\Documents\working\BigOleLCD\PSOCWorkspace\BigOleLCD.cydsn\BigOleLCD.cyprj -dcpsoc3 BigOleLCD.v -verilog
======================================================================

======================================================================
Compiling:  BigOleLCD.v
Program  :   C:\Program Files (x86)\Cypress\PSoC Creator\4.4\PSoC Creator\warp\bin\warp.exe
Options  :    -yv2 -q10 -ygs -o2 -v3 -.fftcfgtype=LE -ya -.fftprj=C:\Users\iborg\Documents\working\BigOleLCD\PSOCWorkspace\BigOleLCD.cydsn\BigOleLCD.cyprj -dcpsoc3 BigOleLCD.v -verilog
======================================================================

======================================================================
Compiling:  BigOleLCD.v
Program  :   vlogfe
Options  :    -yv2 -q10 -ygs -o2 -v3 -.fftcfgtype=LE -ya -.fftprj=C:\Users\iborg\Documents\working\BigOleLCD\PSOCWorkspace\BigOleLCD.cydsn\BigOleLCD.cyprj -dcpsoc3 -verilog BigOleLCD.v
======================================================================

vlogfe V6.3 IR 41:  Verilog parser
Mon Feb 21 20:48:08 2022


======================================================================
Compiling:  BigOleLCD.v
Program  :   vpp
Options  :    -yv2 -q10 BigOleLCD.v
======================================================================

vpp V6.3 IR 41:  Verilog Pre-Processor
Mon Feb 21 20:48:08 2022

Flattening file 'C:\Program Files (x86)\Cypress\PSoC Creator\4.4\PSoC Creator\psoc\content\CyPrimitives\cyprimitives.cylib\cy_virtualmux_v1_0\cy_virtualmux_v1_0.v'
Flattening file 'C:\Program Files (x86)\Cypress\PSoC Creator\4.4\PSoC Creator\psoc\content\CyPrimitives\cyprimitives.cylib\ZeroTerminal\ZeroTerminal.v'
Flattening file 'C:\Program Files (x86)\Cypress\PSoC Creator\4.4\PSoC Creator\psoc\content\CyPrimitives\cyprimitives.cylib\or_v1_0\or_v1_0.v'

vpp:  No errors.

Library 'work' => directory 'lcpsoc3'
General_symbol_table
General_symbol_table
Linking 'C:\Program Files (x86)\Cypress\PSoC Creator\4.4\PSoC Creator\warp\lib\common\std.vhd'.
Linking 'C:\Program Files (x86)\Cypress\PSoC Creator\4.4\PSoC Creator\warp\lib\common\cypress.vhd'.
Linking 'C:\Program Files (x86)\Cypress\PSoC Creator\4.4\PSoC Creator\warp\lib\common\work\cypress.vif'.
Linking 'C:\Program Files (x86)\Cypress\PSoC Creator\4.4\PSoC Creator\warp\lib\ieee\work\stdlogic.vif'.
Linking 'C:\Program Files (x86)\Cypress\PSoC Creator\4.4\PSoC Creator\warp\lib\common\stdlogic\lpmpkg.vif'.
Linking 'C:\Program Files (x86)\Cypress\PSoC Creator\4.4\PSoC Creator\warp\lib\common\stdlogic\rtlpkg.vif'.
Linking 'C:\Program Files (x86)\Cypress\PSoC Creator\4.4\PSoC Creator\warp\lib\common\stdlogic\mod_cnst.vif'.
Linking 'C:\Program Files (x86)\Cypress\PSoC Creator\4.4\PSoC Creator\warp\lib\common\stdlogic\mod_mthv.vif'.
Linking 'C:\Program Files (x86)\Cypress\PSoC Creator\4.4\PSoC Creator\warp\lib\common\stdlogic\mod_genv.vif'.
Using control file 'BigOleLCD.ctl'.

vlogfe:  No errors.


======================================================================
Compiling:  BigOleLCD.v
Program  :   tovif
Options  :    -yv2 -q10 -ygs -o2 -v3 -.fftcfgtype=LE -ya -.fftprj=C:\Users\iborg\Documents\working\BigOleLCD\PSOCWorkspace\BigOleLCD.cydsn\BigOleLCD.cyprj -dcpsoc3 -verilog BigOleLCD.v
======================================================================

tovif V6.3 IR 41:  High-level synthesis
Mon Feb 21 20:48:08 2022

Linking 'C:\Program Files (x86)\Cypress\PSoC Creator\4.4\PSoC Creator\warp\lib\common\std.vhd'.
Linking 'C:\Program Files (x86)\Cypress\PSoC Creator\4.4\PSoC Creator\warp\lib\common\cypress.vhd'.
Linking 'C:\Program Files (x86)\Cypress\PSoC Creator\4.4\PSoC Creator\warp\lib\common\work\cypress.vif'.
Linking 'C:\Program Files (x86)\Cypress\PSoC Creator\4.4\PSoC Creator\warp\lib\ieee\work\stdlogic.vif'.
Linking 'C:\Program Files (x86)\Cypress\PSoC Creator\4.4\PSoC Creator\warp\lib\common\stdlogic\lpmpkg.vif'.
Linking 'C:\Program Files (x86)\Cypress\PSoC Creator\4.4\PSoC Creator\warp\lib\common\stdlogic\rtlpkg.vif'.
Linking 'C:\Program Files (x86)\Cypress\PSoC Creator\4.4\PSoC Creator\warp\lib\common\stdlogic\mod_cnst.vif'.
Linking 'C:\Program Files (x86)\Cypress\PSoC Creator\4.4\PSoC Creator\warp\lib\common\stdlogic\mod_mthv.vif'.
Linking 'C:\Program Files (x86)\Cypress\PSoC Creator\4.4\PSoC Creator\warp\lib\common\stdlogic\mod_genv.vif'.
Linking 'C:\Users\iborg\Documents\working\BigOleLCD\PSOCWorkspace\BigOleLCD.cydsn\codegentemp\BigOleLCD.ctl'.
Linking 'C:\Users\iborg\Documents\working\BigOleLCD\PSOCWorkspace\BigOleLCD.cydsn\codegentemp\BigOleLCD.v'.
Linking 'C:\Program Files (x86)\Cypress\PSoC Creator\4.4\PSoC Creator\psoc\content\CyPrimitives\cyprimitives.cylib\cy_virtualmux_v1_0\cy_virtualmux_v1_0.v'.
Linking 'C:\Program Files (x86)\Cypress\PSoC Creator\4.4\PSoC Creator\psoc\content\CyPrimitives\cyprimitives.cylib\ZeroTerminal\ZeroTerminal.v'.
Linking 'C:\Program Files (x86)\Cypress\PSoC Creator\4.4\PSoC Creator\psoc\content\CyPrimitives\cyprimitives.cylib\or_v1_0\or_v1_0.v'.

tovif:  No errors.


======================================================================
Compiling:  BigOleLCD.v
Program  :   topld
Options  :    -yv2 -q10 -ygs -o2 -v3 -.fftcfgtype=LE -ya -.fftprj=C:\Users\iborg\Documents\working\BigOleLCD\PSOCWorkspace\BigOleLCD.cydsn\BigOleLCD.cyprj -dcpsoc3 -verilog BigOleLCD.v
======================================================================

topld V6.3 IR 41:  Synthesis and optimization
Mon Feb 21 20:48:08 2022

Linking 'C:\Program Files (x86)\Cypress\PSoC Creator\4.4\PSoC Creator\warp\lib\common\std.vhd'.
Linking 'C:\Program Files (x86)\Cypress\PSoC Creator\4.4\PSoC Creator\warp\lib\common\cypress.vhd'.
Linking 'C:\Program Files (x86)\Cypress\PSoC Creator\4.4\PSoC Creator\warp\lib\common\work\cypress.vif'.
Linking 'C:\Program Files (x86)\Cypress\PSoC Creator\4.4\PSoC Creator\warp\lib\ieee\work\stdlogic.vif'.
Linking 'C:\Program Files (x86)\Cypress\PSoC Creator\4.4\PSoC Creator\warp\lib\common\stdlogic\lpmpkg.vif'.
Linking 'C:\Program Files (x86)\Cypress\PSoC Creator\4.4\PSoC Creator\warp\lib\common\stdlogic\rtlpkg.vif'.
Linking 'C:\Program Files (x86)\Cypress\PSoC Creator\4.4\PSoC Creator\warp\lib\common\stdlogic\mod_cnst.vif'.
Linking 'C:\Program Files (x86)\Cypress\PSoC Creator\4.4\PSoC Creator\warp\lib\common\stdlogic\mod_mthv.vif'.
Linking 'C:\Program Files (x86)\Cypress\PSoC Creator\4.4\PSoC Creator\warp\lib\common\stdlogic\mod_genv.vif'.
Linking 'C:\Users\iborg\Documents\working\BigOleLCD\PSOCWorkspace\BigOleLCD.cydsn\codegentemp\BigOleLCD.ctl'.
Linking 'C:\Users\iborg\Documents\working\BigOleLCD\PSOCWorkspace\BigOleLCD.cydsn\codegentemp\BigOleLCD.v'.
Linking 'C:\Program Files (x86)\Cypress\PSoC Creator\4.4\PSoC Creator\psoc\content\CyPrimitives\cyprimitives.cylib\cy_virtualmux_v1_0\cy_virtualmux_v1_0.v'.
Linking 'C:\Program Files (x86)\Cypress\PSoC Creator\4.4\PSoC Creator\psoc\content\CyPrimitives\cyprimitives.cylib\ZeroTerminal\ZeroTerminal.v'.
Linking 'C:\Program Files (x86)\Cypress\PSoC Creator\4.4\PSoC Creator\psoc\content\CyPrimitives\cyprimitives.cylib\or_v1_0\or_v1_0.v'.
Linking 'C:\Program Files (x86)\Cypress\PSoC Creator\4.4\PSoC Creator\warp\lib\lcpsoc3\stdlogic\cpsoc3.vif'.

----------------------------------------------------------
Detecting unused logic.
----------------------------------------------------------
    User names
	\I2C_1:Net_1257\
	\I2C_1:uncfg_rx_irq\
	\I2C_1:Net_1099\
	\I2C_1:Net_1258\
	Net_2269
	Net_2270
	Net_2271
	Net_2272
	Net_2273
	Net_2274
	Net_2275
	Net_2278
	Net_2279
	Net_2286


Deleted 14 User equations/components.
Deleted 0 Synthesized equations/components.

------------------------------------------------------
Alias Detection
------------------------------------------------------
Aliasing \LCD_Seg_1:tmpOE__Com_net_2\ to \LCD_Seg_1:tmpOE__Com_net_3\
Aliasing \LCD_Seg_1:tmpOE__Com_net_1\ to \LCD_Seg_1:tmpOE__Com_net_3\
Aliasing \LCD_Seg_1:tmpOE__Com_net_0\ to \LCD_Seg_1:tmpOE__Com_net_3\
Aliasing one to \LCD_Seg_1:tmpOE__Com_net_3\
Aliasing \LCD_Seg_1:tmpOE__Seg_net_7\ to \LCD_Seg_1:tmpOE__Com_net_3\
Aliasing \LCD_Seg_1:tmpOE__Seg_net_6\ to \LCD_Seg_1:tmpOE__Com_net_3\
Aliasing \LCD_Seg_1:tmpOE__Seg_net_5\ to \LCD_Seg_1:tmpOE__Com_net_3\
Aliasing \LCD_Seg_1:tmpOE__Seg_net_4\ to \LCD_Seg_1:tmpOE__Com_net_3\
Aliasing \LCD_Seg_1:tmpOE__Seg_net_3\ to \LCD_Seg_1:tmpOE__Com_net_3\
Aliasing \LCD_Seg_1:tmpOE__Seg_net_2\ to \LCD_Seg_1:tmpOE__Com_net_3\
Aliasing \LCD_Seg_1:tmpOE__Seg_net_1\ to \LCD_Seg_1:tmpOE__Com_net_3\
Aliasing \LCD_Seg_1:tmpOE__Seg_net_0\ to \LCD_Seg_1:tmpOE__Com_net_3\
Aliasing \I2C_1:select_s_wire\ to zero
Aliasing \I2C_1:rx_wire\ to zero
Aliasing \I2C_1:sclk_s_wire\ to zero
Aliasing \I2C_1:mosi_s_wire\ to zero
Aliasing \I2C_1:miso_m_wire\ to zero
Aliasing \I2C_1:tmpOE__sda_net_0\ to \LCD_Seg_1:tmpOE__Com_net_3\
Aliasing \I2C_1:tmpOE__scl_net_0\ to \LCD_Seg_1:tmpOE__Com_net_3\
Aliasing \I2C_1:cts_wire\ to zero
Removing Lhs of wire \LCD_Seg_1:tmpOE__Com_net_2\[17] = \LCD_Seg_1:tmpOE__Com_net_3\[16]
Removing Lhs of wire \LCD_Seg_1:tmpOE__Com_net_1\[18] = \LCD_Seg_1:tmpOE__Com_net_3\[16]
Removing Lhs of wire \LCD_Seg_1:tmpOE__Com_net_0\[19] = \LCD_Seg_1:tmpOE__Com_net_3\[16]
Removing Rhs of wire one[30] = \LCD_Seg_1:tmpOE__Com_net_3\[16]
Removing Lhs of wire \LCD_Seg_1:tmpOE__Seg_net_7\[33] = one[30]
Removing Lhs of wire \LCD_Seg_1:tmpOE__Seg_net_6\[34] = one[30]
Removing Lhs of wire \LCD_Seg_1:tmpOE__Seg_net_5\[35] = one[30]
Removing Lhs of wire \LCD_Seg_1:tmpOE__Seg_net_4\[36] = one[30]
Removing Lhs of wire \LCD_Seg_1:tmpOE__Seg_net_3\[37] = one[30]
Removing Lhs of wire \LCD_Seg_1:tmpOE__Seg_net_2\[38] = one[30]
Removing Lhs of wire \LCD_Seg_1:tmpOE__Seg_net_1\[39] = one[30]
Removing Lhs of wire \LCD_Seg_1:tmpOE__Seg_net_0\[40] = one[30]
Removing Lhs of wire \I2C_1:select_s_wire\[61] = zero[29]
Removing Lhs of wire \I2C_1:rx_wire\[62] = zero[29]
Removing Lhs of wire \I2C_1:Net_1170\[65] = \I2C_1:Net_847\[60]
Removing Lhs of wire \I2C_1:sclk_s_wire\[66] = zero[29]
Removing Lhs of wire \I2C_1:mosi_s_wire\[67] = zero[29]
Removing Lhs of wire \I2C_1:miso_m_wire\[68] = zero[29]
Removing Lhs of wire \I2C_1:tmpOE__sda_net_0\[70] = one[30]
Removing Lhs of wire \I2C_1:tmpOE__scl_net_0\[76] = one[30]
Removing Lhs of wire \I2C_1:cts_wire\[85] = zero[29]

------------------------------------------------------
Aliased 0 equations, 21 wires.
------------------------------------------------------

----------------------------------------------------------
Circuit simplification
----------------------------------------------------------

Substituting virtuals - pass 1:


----------------------------------------------------------
Circuit simplification results:

	Expanded 0 signals.
	Turned 0 signals into soft nodes.
	Maximum default expansion cost was set at 3.
----------------------------------------------------------

topld:  No errors.

CYPRESS_DIR    : C:\Program Files (x86)\Cypress\PSoC Creator\4.4\PSoC Creator\warp
Warp Program   : C:\Program Files (x86)\Cypress\PSoC Creator\4.4\PSoC Creator\warp\bin\warp.exe
Warp Arguments : -yv2 -q10 -ygs -o2 -v3 -.fftcfgtype=LE -ya -.fftprj=C:\Users\iborg\Documents\working\BigOleLCD\PSOCWorkspace\BigOleLCD.cydsn\BigOleLCD.cyprj -dcpsoc3 BigOleLCD.v -verilog
</CYPRESSTAG>
Warp synthesis phase: Elapsed time ==> 0s.506ms
<CYPRESSTAG name="Fitter results...">
<CYPRESSTAG name="Fitter startup details...">
cyp3fit: V4.4.0.80, Family: PSoC3, Started at: Monday, 21 February 2022 20:48:09
Options: -yv2 -q10 -ygs -o2 -v3 -.fftcfgtype=LE -ya -.fftprj=C:\Users\iborg\Documents\working\BigOleLCD\PSOCWorkspace\BigOleLCD.cydsn\BigOleLCD.cyprj -d CY8C4245AXI-483 BigOleLCD.v -verilog
</CYPRESSTAG>
<CYPRESSTAG name="Design parsing">
Design parsing phase: Elapsed time ==> 0s.000ms
</CYPRESSTAG>
<CYPRESSTAG name="Tech Mapping">
<CYPRESSTAG name="Initial Mapping" icon="FILE_RPT_TECHM">
<CYPRESSTAG name="Global Clock Selection" icon="FILE_RPT_TECHM">
    Fixed Function Clock 4: Automatic-assigning  clock 'Clock_1'. Signal=Net_2260_ff4
    Fixed Function Clock 2: Automatic-assigning  clock 'I2C_1_SCBCLK'. Signal=\I2C_1:Net_847_ff2\
<CYPRESSTAG name="UDB Clock/Enable Remapping Results">
</CYPRESSTAG>
</CYPRESSTAG>

Removing unused cells resulting from optimization
Done removing unused cells.
<CYPRESSTAG name="Duplicate Macrocell detection">
</CYPRESSTAG>
</CYPRESSTAG>
<CYPRESSTAG name="Duplicate Macrocell detection">
</CYPRESSTAG>
<CYPRESSTAG name="Design Equations" icon="FILE_RPT_EQUATION">

------------------------------------------------------------
Design Equations
------------------------------------------------------------
    <CYPRESSTAG name="Pin listing">

    ------------------------------------------------------------
    Pin listing
    ------------------------------------------------------------

    Pin : Name = \LCD_Seg_1:Com(0)\
        Attributes:
            In Group/Port: True
            In Sync Option: AUTO
            Out Sync Option: NOSYNC
            Interrupt generated: False
            Interrupt mode: NONE
            Drive mode: CMOS_OUT
            VTrip: EITHER
            Slew: FAST
            Input Sync needed: False
            Output Sync needed: False
            SC shield enabled: False
            POR State: ANY
            LCD Mode: COMMON
            Register Mode: RegComb
            CaSense Mode: NEITHER
            Treat as pin: True
            Is OE Registered: False
            Uses Analog: False
            Can contain Digital: True
            Is SIO: False
            SIO Output Buf: NONREGULATED
            SIO Input Buf: SINGLE_ENDED
            SIO HiFreq: LOW
            SIO Hyst: DISABLED
            SIO Vtrip: MULTIPLIER_0_5
            SIO Multiplier Index: 0
            SIO RefSel: VCC_IO
            Required Capabilities: DIGITAL, LCD_COM
            Initial Value: 1
            IO Voltage: 0
        PORT MAP (
            pa_out => \LCD_Seg_1:Com(0)\__PA ,
            pin_input => \LCD_Seg_1:Net_146_0\ ,
            pad => \LCD_Seg_1:Com(0)_PAD\ );
        Properties:
        {
        }

    Pin : Name = \LCD_Seg_1:Com(1)\
        Attributes:
            In Group/Port: True
            In Sync Option: AUTO
            Out Sync Option: NOSYNC
            Interrupt generated: False
            Interrupt mode: NONE
            Drive mode: CMOS_OUT
            VTrip: EITHER
            Slew: FAST
            Input Sync needed: False
            Output Sync needed: False
            SC shield enabled: False
            POR State: ANY
            LCD Mode: COMMON
            Register Mode: RegComb
            CaSense Mode: NEITHER
            Treat as pin: True
            Is OE Registered: False
            Uses Analog: False
            Can contain Digital: True
            Is SIO: False
            SIO Output Buf: NONREGULATED
            SIO Input Buf: SINGLE_ENDED
            SIO HiFreq: LOW
            SIO Hyst: DISABLED
            SIO Vtrip: MULTIPLIER_0_5
            SIO Multiplier Index: 0
            SIO RefSel: VCC_IO
            Required Capabilities: DIGITAL, LCD_COM
            Initial Value: 1
            IO Voltage: 0
        PORT MAP (
            pa_out => \LCD_Seg_1:Com(1)\__PA ,
            pin_input => \LCD_Seg_1:Net_146_1\ ,
            pad => \LCD_Seg_1:Com(1)_PAD\ );
        Properties:
        {
        }

    Pin : Name = \LCD_Seg_1:Com(2)\
        Attributes:
            In Group/Port: True
            In Sync Option: AUTO
            Out Sync Option: NOSYNC
            Interrupt generated: False
            Interrupt mode: NONE
            Drive mode: CMOS_OUT
            VTrip: EITHER
            Slew: FAST
            Input Sync needed: False
            Output Sync needed: False
            SC shield enabled: False
            POR State: ANY
            LCD Mode: COMMON
            Register Mode: RegComb
            CaSense Mode: NEITHER
            Treat as pin: True
            Is OE Registered: False
            Uses Analog: False
            Can contain Digital: True
            Is SIO: False
            SIO Output Buf: NONREGULATED
            SIO Input Buf: SINGLE_ENDED
            SIO HiFreq: LOW
            SIO Hyst: DISABLED
            SIO Vtrip: MULTIPLIER_0_5
            SIO Multiplier Index: 0
            SIO RefSel: VCC_IO
            Required Capabilities: DIGITAL, LCD_COM
            Initial Value: 1
            IO Voltage: 0
        PORT MAP (
            pa_out => \LCD_Seg_1:Com(2)\__PA ,
            pin_input => \LCD_Seg_1:Net_146_2\ ,
            pad => \LCD_Seg_1:Com(2)_PAD\ );
        Properties:
        {
        }

    Pin : Name = \LCD_Seg_1:Com(3)\
        Attributes:
            In Group/Port: True
            In Sync Option: AUTO
            Out Sync Option: NOSYNC
            Interrupt generated: False
            Interrupt mode: NONE
            Drive mode: CMOS_OUT
            VTrip: EITHER
            Slew: FAST
            Input Sync needed: False
            Output Sync needed: False
            SC shield enabled: False
            POR State: ANY
            LCD Mode: COMMON
            Register Mode: RegComb
            CaSense Mode: NEITHER
            Treat as pin: True
            Is OE Registered: False
            Uses Analog: False
            Can contain Digital: True
            Is SIO: False
            SIO Output Buf: NONREGULATED
            SIO Input Buf: SINGLE_ENDED
            SIO HiFreq: LOW
            SIO Hyst: DISABLED
            SIO Vtrip: MULTIPLIER_0_5
            SIO Multiplier Index: 0
            SIO RefSel: VCC_IO
            Required Capabilities: DIGITAL, LCD_COM
            Initial Value: 1
            IO Voltage: 0
        PORT MAP (
            pa_out => \LCD_Seg_1:Com(3)\__PA ,
            pin_input => \LCD_Seg_1:Net_146_3\ ,
            pad => \LCD_Seg_1:Com(3)_PAD\ );
        Properties:
        {
        }

    Pin : Name = \LCD_Seg_1:Seg(0)\
        Attributes:
            In Group/Port: True
            In Sync Option: AUTO
            Out Sync Option: NOSYNC
            Interrupt generated: False
            Interrupt mode: NONE
            Drive mode: CMOS_OUT
            VTrip: EITHER
            Slew: FAST
            Input Sync needed: False
            Output Sync needed: False
            SC shield enabled: False
            POR State: ANY
            LCD Mode: COMMON
            Register Mode: RegComb
            CaSense Mode: NEITHER
            Treat as pin: True
            Is OE Registered: False
            Uses Analog: False
            Can contain Digital: True
            Is SIO: False
            SIO Output Buf: NONREGULATED
            SIO Input Buf: SINGLE_ENDED
            SIO HiFreq: LOW
            SIO Hyst: DISABLED
            SIO Vtrip: MULTIPLIER_0_5
            SIO Multiplier Index: 0
            SIO RefSel: VCC_IO
            Required Capabilities: DIGITAL, LCD_SEG
            Initial Value: 1
            IO Voltage: 0
        PORT MAP (
            pa_out => \LCD_Seg_1:Seg(0)\__PA ,
            pin_input => \LCD_Seg_1:Net_145_0\ ,
            pad => \LCD_Seg_1:Seg(0)_PAD\ );
        Properties:
        {
        }

    Pin : Name = \LCD_Seg_1:Seg(1)\
        Attributes:
            In Group/Port: True
            In Sync Option: AUTO
            Out Sync Option: NOSYNC
            Interrupt generated: False
            Interrupt mode: NONE
            Drive mode: CMOS_OUT
            VTrip: EITHER
            Slew: FAST
            Input Sync needed: False
            Output Sync needed: False
            SC shield enabled: False
            POR State: ANY
            LCD Mode: COMMON
            Register Mode: RegComb
            CaSense Mode: NEITHER
            Treat as pin: True
            Is OE Registered: False
            Uses Analog: False
            Can contain Digital: True
            Is SIO: False
            SIO Output Buf: NONREGULATED
            SIO Input Buf: SINGLE_ENDED
            SIO HiFreq: LOW
            SIO Hyst: DISABLED
            SIO Vtrip: MULTIPLIER_0_5
            SIO Multiplier Index: 0
            SIO RefSel: VCC_IO
            Required Capabilities: DIGITAL, LCD_SEG
            Initial Value: 1
            IO Voltage: 0
        PORT MAP (
            pa_out => \LCD_Seg_1:Seg(1)\__PA ,
            pin_input => \LCD_Seg_1:Net_145_1\ ,
            pad => \LCD_Seg_1:Seg(1)_PAD\ );
        Properties:
        {
        }

    Pin : Name = \LCD_Seg_1:Seg(2)\
        Attributes:
            In Group/Port: True
            In Sync Option: AUTO
            Out Sync Option: NOSYNC
            Interrupt generated: False
            Interrupt mode: NONE
            Drive mode: CMOS_OUT
            VTrip: EITHER
            Slew: FAST
            Input Sync needed: False
            Output Sync needed: False
            SC shield enabled: False
            POR State: ANY
            LCD Mode: COMMON
            Register Mode: RegComb
            CaSense Mode: NEITHER
            Treat as pin: True
            Is OE Registered: False
            Uses Analog: False
            Can contain Digital: True
            Is SIO: False
            SIO Output Buf: NONREGULATED
            SIO Input Buf: SINGLE_ENDED
            SIO HiFreq: LOW
            SIO Hyst: DISABLED
            SIO Vtrip: MULTIPLIER_0_5
            SIO Multiplier Index: 0
            SIO RefSel: VCC_IO
            Required Capabilities: DIGITAL, LCD_SEG
            Initial Value: 1
            IO Voltage: 0
        PORT MAP (
            pa_out => \LCD_Seg_1:Seg(2)\__PA ,
            pin_input => \LCD_Seg_1:Net_145_2\ ,
            pad => \LCD_Seg_1:Seg(2)_PAD\ );
        Properties:
        {
        }

    Pin : Name = \LCD_Seg_1:Seg(3)\
        Attributes:
            In Group/Port: True
            In Sync Option: AUTO
            Out Sync Option: NOSYNC
            Interrupt generated: False
            Interrupt mode: NONE
            Drive mode: CMOS_OUT
            VTrip: EITHER
            Slew: FAST
            Input Sync needed: False
            Output Sync needed: False
            SC shield enabled: False
            POR State: ANY
            LCD Mode: COMMON
            Register Mode: RegComb
            CaSense Mode: NEITHER
            Treat as pin: True
            Is OE Registered: False
            Uses Analog: False
            Can contain Digital: True
            Is SIO: False
            SIO Output Buf: NONREGULATED
            SIO Input Buf: SINGLE_ENDED
            SIO HiFreq: LOW
            SIO Hyst: DISABLED
            SIO Vtrip: MULTIPLIER_0_5
            SIO Multiplier Index: 0
            SIO RefSel: VCC_IO
            Required Capabilities: DIGITAL, LCD_SEG
            Initial Value: 1
            IO Voltage: 0
        PORT MAP (
            pa_out => \LCD_Seg_1:Seg(3)\__PA ,
            pin_input => \LCD_Seg_1:Net_145_3\ ,
            pad => \LCD_Seg_1:Seg(3)_PAD\ );
        Properties:
        {
        }

    Pin : Name = \LCD_Seg_1:Seg(4)\
        Attributes:
            In Group/Port: True
            In Sync Option: AUTO
            Out Sync Option: NOSYNC
            Interrupt generated: False
            Interrupt mode: NONE
            Drive mode: CMOS_OUT
            VTrip: EITHER
            Slew: FAST
            Input Sync needed: False
            Output Sync needed: False
            SC shield enabled: False
            POR State: ANY
            LCD Mode: COMMON
            Register Mode: RegComb
            CaSense Mode: NEITHER
            Treat as pin: True
            Is OE Registered: False
            Uses Analog: False
            Can contain Digital: True
            Is SIO: False
            SIO Output Buf: NONREGULATED
            SIO Input Buf: SINGLE_ENDED
            SIO HiFreq: LOW
            SIO Hyst: DISABLED
            SIO Vtrip: MULTIPLIER_0_5
            SIO Multiplier Index: 0
            SIO RefSel: VCC_IO
            Required Capabilities: DIGITAL, LCD_SEG
            Initial Value: 1
            IO Voltage: 0
        PORT MAP (
            pa_out => \LCD_Seg_1:Seg(4)\__PA ,
            pin_input => \LCD_Seg_1:Net_145_4\ ,
            pad => \LCD_Seg_1:Seg(4)_PAD\ );
        Properties:
        {
        }

    Pin : Name = \LCD_Seg_1:Seg(5)\
        Attributes:
            In Group/Port: True
            In Sync Option: AUTO
            Out Sync Option: NOSYNC
            Interrupt generated: False
            Interrupt mode: NONE
            Drive mode: CMOS_OUT
            VTrip: EITHER
            Slew: FAST
            Input Sync needed: False
            Output Sync needed: False
            SC shield enabled: False
            POR State: ANY
            LCD Mode: COMMON
            Register Mode: RegComb
            CaSense Mode: NEITHER
            Treat as pin: True
            Is OE Registered: False
            Uses Analog: False
            Can contain Digital: True
            Is SIO: False
            SIO Output Buf: NONREGULATED
            SIO Input Buf: SINGLE_ENDED
            SIO HiFreq: LOW
            SIO Hyst: DISABLED
            SIO Vtrip: MULTIPLIER_0_5
            SIO Multiplier Index: 0
            SIO RefSel: VCC_IO
            Required Capabilities: DIGITAL, LCD_SEG
            Initial Value: 1
            IO Voltage: 0
        PORT MAP (
            pa_out => \LCD_Seg_1:Seg(5)\__PA ,
            pin_input => \LCD_Seg_1:Net_145_5\ ,
            pad => \LCD_Seg_1:Seg(5)_PAD\ );
        Properties:
        {
        }

    Pin : Name = \LCD_Seg_1:Seg(6)\
        Attributes:
            In Group/Port: True
            In Sync Option: AUTO
            Out Sync Option: NOSYNC
            Interrupt generated: False
            Interrupt mode: NONE
            Drive mode: CMOS_OUT
            VTrip: EITHER
            Slew: FAST
            Input Sync needed: False
            Output Sync needed: False
            SC shield enabled: False
            POR State: ANY
            LCD Mode: COMMON
            Register Mode: RegComb
            CaSense Mode: NEITHER
            Treat as pin: True
            Is OE Registered: False
            Uses Analog: False
            Can contain Digital: True
            Is SIO: False
            SIO Output Buf: NONREGULATED
            SIO Input Buf: SINGLE_ENDED
            SIO HiFreq: LOW
            SIO Hyst: DISABLED
            SIO Vtrip: MULTIPLIER_0_5
            SIO Multiplier Index: 0
            SIO RefSel: VCC_IO
            Required Capabilities: DIGITAL, LCD_SEG
            Initial Value: 1
            IO Voltage: 0
        PORT MAP (
            pa_out => \LCD_Seg_1:Seg(6)\__PA ,
            pin_input => \LCD_Seg_1:Net_145_6\ ,
            pad => \LCD_Seg_1:Seg(6)_PAD\ );
        Properties:
        {
        }

    Pin : Name = \LCD_Seg_1:Seg(7)\
        Attributes:
            In Group/Port: True
            In Sync Option: AUTO
            Out Sync Option: NOSYNC
            Interrupt generated: False
            Interrupt mode: NONE
            Drive mode: CMOS_OUT
            VTrip: EITHER
            Slew: FAST
            Input Sync needed: False
            Output Sync needed: False
            SC shield enabled: False
            POR State: ANY
            LCD Mode: COMMON
            Register Mode: RegComb
            CaSense Mode: NEITHER
            Treat as pin: True
            Is OE Registered: False
            Uses Analog: False
            Can contain Digital: True
            Is SIO: False
            SIO Output Buf: NONREGULATED
            SIO Input Buf: SINGLE_ENDED
            SIO HiFreq: LOW
            SIO Hyst: DISABLED
            SIO Vtrip: MULTIPLIER_0_5
            SIO Multiplier Index: 0
            SIO RefSel: VCC_IO
            Required Capabilities: DIGITAL, LCD_SEG
            Initial Value: 1
            IO Voltage: 0
        PORT MAP (
            pa_out => \LCD_Seg_1:Seg(7)\__PA ,
            pin_input => \LCD_Seg_1:Net_145_7\ ,
            pad => \LCD_Seg_1:Seg(7)_PAD\ );
        Properties:
        {
        }

    Pin : Name = \I2C_1:sda(0)\
        Attributes:
            In Group/Port: True
            In Sync Option: NOSYNC
            Out Sync Option: NOSYNC
            Interrupt generated: False
            Interrupt mode: NONE
            Drive mode: OPEN_DRAIN_LO
            VTrip: CMOS
            Slew: FAST
            Input Sync needed: False
            Output Sync needed: False
            SC shield enabled: False
            POR State: ANY
            LCD Mode: COMMON
            Register Mode: RegComb
            CaSense Mode: NEITHER
            Treat as pin: True
            Is OE Registered: False
            Uses Analog: False
            Can contain Digital: True
            Is SIO: False
            SIO Output Buf: NONREGULATED
            SIO Input Buf: SINGLE_ENDED
            SIO HiFreq: LOW
            SIO Hyst: DISABLED
            SIO Vtrip: MULTIPLIER_0_5
            SIO Multiplier Index: 0
            SIO RefSel: VCC_IO
            Required Capabilities: DIGITAL
            Initial Value: 1
            IO Voltage: 0
        PORT MAP (
            pa_out => \I2C_1:sda(0)\__PA ,
            fb => Net_2284 ,
            pad => \I2C_1:sda(0)_PAD\ );
        Properties:
        {
        }

    Pin : Name = \I2C_1:scl(0)\
        Attributes:
            In Group/Port: True
            In Sync Option: NOSYNC
            Out Sync Option: NOSYNC
            Interrupt generated: False
            Interrupt mode: NONE
            Drive mode: OPEN_DRAIN_LO
            VTrip: CMOS
            Slew: FAST
            Input Sync needed: False
            Output Sync needed: False
            SC shield enabled: False
            POR State: ANY
            LCD Mode: COMMON
            Register Mode: RegComb
            CaSense Mode: NEITHER
            Treat as pin: True
            Is OE Registered: False
            Uses Analog: False
            Can contain Digital: True
            Is SIO: False
            SIO Output Buf: NONREGULATED
            SIO Input Buf: SINGLE_ENDED
            SIO HiFreq: LOW
            SIO Hyst: DISABLED
            SIO Vtrip: MULTIPLIER_0_5
            SIO Multiplier Index: 0
            SIO RefSel: VCC_IO
            Required Capabilities: DIGITAL
            Initial Value: 1
            IO Voltage: 0
        PORT MAP (
            pa_out => \I2C_1:scl(0)\__PA ,
            fb => Net_2283 ,
            pad => \I2C_1:scl(0)_PAD\ );
        Properties:
        {
        }
    </CYPRESSTAG>
    <CYPRESSTAG name="Macrocell listing" icon="FILE_RPT_EQUATION">
    </CYPRESSTAG>
    <CYPRESSTAG name="Datapath listing">
    </CYPRESSTAG>
    <CYPRESSTAG name="Status register listing">
    </CYPRESSTAG>
    <CYPRESSTAG name="StatusI register listing">
    </CYPRESSTAG>
    <CYPRESSTAG name="Sync listing">
    </CYPRESSTAG>
    <CYPRESSTAG name="Control register listing">
    </CYPRESSTAG>
    <CYPRESSTAG name="Count7 listing">
    </CYPRESSTAG>
    <CYPRESSTAG name="DRQ listing">
    </CYPRESSTAG>
    <CYPRESSTAG name="Interrupt listing">

    ------------------------------------------------------------
    Interrupt listing
    ------------------------------------------------------------

    interrupt: Name =\I2C_1:SCB_IRQ\
        PORT MAP (
            interrupt => Net_2267 );
        Properties:
        {
            int_type = "10"
            is_nmi = 0
        }
    </CYPRESSTAG>
</CYPRESSTAG>
<CYPRESSTAG name="Technology mapping summary" expanded>

------------------------------------------------------------
Technology mapping summary
------------------------------------------------------------

Resource Type                 : Used : Free :  Max :  % Used
============================================================
Digital Clocks                :    0 :    4 :    4 :  0.00 %
Interrupts                    :    1 :   31 :   32 :  3.13 %
IO                            :   16 :   20 :   36 : 44.44 %
Segment LCD                   :    1 :    0 :    1 : 100.00 %
CapSense                      :    0 :    1 :    1 :  0.00 %
Die Temp                      :    0 :    1 :    1 :  0.00 %
Serial Communication (SCB)    :    1 :    1 :    2 : 50.00 %
Timer/Counter/PWM             :    0 :    4 :    4 :  0.00 %
UDB                           :      :      :      :        
  Macrocells                  :    0 :   32 :   32 :  0.00 %
  Unique P-terms              :    0 :   64 :   64 :  0.00 %
  Total P-terms               :    0 :      :      :        
  Datapath Cells              :    0 :    4 :    4 :  0.00 %
  Status Cells                :    0 :    4 :    4 :  0.00 %
  Control Cells               :    0 :    4 :    4 :  0.00 %
Comparator/Opamp              :    0 :    2 :    2 :  0.00 %
LP Comparator                 :    0 :    2 :    2 :  0.00 %
SAR ADC                       :    0 :    1 :    1 :  0.00 %
DAC                           :      :      :      :        
  7-bit IDAC                  :    0 :    1 :    1 :  0.00 %
  8-bit IDAC                  :    0 :    1 :    1 :  0.00 %
</CYPRESSTAG>
Technology Mapping: Elapsed time ==> 0s.043ms
Tech Mapping phase: Elapsed time ==> 0s.068ms
</CYPRESSTAG>
<CYPRESSTAG name="Analog Placement">
<CYPRESSTAG name="FFB & IO Pre Placement">
<CYPRESSTAG name="Placement" icon="FILE_RPT_PLACEMENT">

Cell                                : Block                              
=========================================================================
\LCD_Seg_1:Com(0)\                  : [IOP=(0)][IoId=(0)]                
\LCD_Seg_1:Com(1)\                  : [IOP=(0)][IoId=(1)]                
\LCD_Seg_1:Com(2)\                  : [IOP=(0)][IoId=(2)]                
\LCD_Seg_1:Com(3)\                  : [IOP=(0)][IoId=(3)]                
\LCD_Seg_1:Seg(0)\                  : [IOP=(2)][IoId=(0)]                
\LCD_Seg_1:Seg(1)\                  : [IOP=(2)][IoId=(1)]                
\LCD_Seg_1:Seg(2)\                  : [IOP=(2)][IoId=(2)]                
\LCD_Seg_1:Seg(3)\                  : [IOP=(2)][IoId=(3)]                
\LCD_Seg_1:Seg(4)\                  : [IOP=(2)][IoId=(4)]                
\LCD_Seg_1:Seg(5)\                  : [IOP=(2)][IoId=(5)]                
\LCD_Seg_1:Seg(6)\                  : [IOP=(2)][IoId=(6)]                
\LCD_Seg_1:Seg(7)\                  : [IOP=(2)][IoId=(7)]                
\I2C_1:sda(0)\                      : [IOP=(0)][IoId=(5)]                
\I2C_1:scl(0)\                      : [IOP=(0)][IoId=(4)]                
ClockGenBlock                       : CLK_GEN_[FFB(CLK_GEN,0)]           
\LCD_Seg_1:bSeg_LCD\                : LCD_[FFB(LCD,0)]                   
\I2C_1:SCB\                         : SCB_[FFB(SCB,1)]                   

</CYPRESSTAG>
</CYPRESSTAG>
<CYPRESSTAG name="Real Analog Placement">
Elapsed time ==> 0.0905449s
</CYPRESSTAG>
Analog Placement phase: Elapsed time ==> 0s.216ms
</CYPRESSTAG>
<CYPRESSTAG name="Analog Routing">
<CYPRESSTAG name="Analog Routing">
Route success=True, Iterations=1 Elapsed=0.0005514 secs
</CYPRESSTAG>
Analog Routing phase: Elapsed time ==> 0s.000ms
</CYPRESSTAG>
<CYPRESSTAG name="Analog Code Generation">
============ Analog Final Answer Routes ============
Dump of CyAnalogRoutingResultsDB
Map of net to items {
}
Map of item to net {
}
Mux Info {
}
Analog Code Generation phase: Elapsed time ==> 0s.000ms
</CYPRESSTAG>
<CYPRESSTAG name="Digital Placement">
<CYPRESSTAG name="Detailed placement messages">
I2659: No Constrained paths were found. The placer will run in non-timing driven mode.
I2076: Total run-time: 0.1 sec.

</CYPRESSTAG>
<CYPRESSTAG name="PLD Packing">
<CYPRESSTAG name="PLD Packing Summary">
No PLDs were packed.
</CYPRESSTAG>
PLD Packing: Elapsed time ==> 0s.000ms
</CYPRESSTAG>
<CYPRESSTAG name="Partitioning">
<CYPRESSTAG name="Initial Partitioning Summary">
Initial Partitioning Summary not displayed at this verbose level.</CYPRESSTAG>
<CYPRESSTAG name="Final Partitioning Summary">
Final Partitioning Summary not displayed at this verbose level.</CYPRESSTAG>
Partitioning: Elapsed time ==> 0s.000ms
</CYPRESSTAG>
<CYPRESSTAG name="Final Placement Summary">

------------------------------------------------------------
Final Placement Summary
------------------------------------------------------------

       Resource Type :      Count : Avg Inputs : Avg Outputs
    ========================================================
                 UDB :          0 :       0.00 :       0.00
<CYPRESSTAG name="Final Placement Details">
<CYPRESSTAG name="Component Details">

------------------------------------------------------------
Component Placement Details
------------------------------------------------------------
UDB [UDB=(0,0)] is empty.
UDB [UDB=(0,1)] is empty.
UDB [UDB=(1,0)] is empty.
UDB [UDB=(1,1)] is empty.
Intr container @ [IntrContainer=(0)]: 
  Intr@ [IntrContainer=(0)][IntrId=(11)] 
    interrupt: Name =\I2C_1:SCB_IRQ\
        PORT MAP (
            interrupt => Net_2267 );
        Properties:
        {
            int_type = "10"
            is_nmi = 0
        }
Port 0 contains the following IO cells:
[IoId=0]: 
Pin : Name = \LCD_Seg_1:Com(0)\
    Attributes:
        In Group/Port: True
        In Sync Option: AUTO
        Out Sync Option: NOSYNC
        Interrupt generated: False
        Interrupt mode: NONE
        Drive mode: CMOS_OUT
        VTrip: EITHER
        Slew: FAST
        Input Sync needed: False
        Output Sync needed: False
        SC shield enabled: False
        POR State: ANY
        LCD Mode: COMMON
        Register Mode: RegComb
        CaSense Mode: NEITHER
        Treat as pin: True
        Is OE Registered: False
        Uses Analog: False
        Can contain Digital: True
        Is SIO: False
        SIO Output Buf: NONREGULATED
        SIO Input Buf: SINGLE_ENDED
        SIO HiFreq: LOW
        SIO Hyst: DISABLED
        SIO Vtrip: MULTIPLIER_0_5
        SIO Multiplier Index: 0
        SIO RefSel: VCC_IO
        Required Capabilities: DIGITAL, LCD_COM
        Initial Value: 1
        IO Voltage: 0
    PORT MAP (
        pa_out => \LCD_Seg_1:Com(0)\__PA ,
        pin_input => \LCD_Seg_1:Net_146_0\ ,
        pad => \LCD_Seg_1:Com(0)_PAD\ );
    Properties:
    {
    }

[IoId=1]: 
Pin : Name = \LCD_Seg_1:Com(1)\
    Attributes:
        In Group/Port: True
        In Sync Option: AUTO
        Out Sync Option: NOSYNC
        Interrupt generated: False
        Interrupt mode: NONE
        Drive mode: CMOS_OUT
        VTrip: EITHER
        Slew: FAST
        Input Sync needed: False
        Output Sync needed: False
        SC shield enabled: False
        POR State: ANY
        LCD Mode: COMMON
        Register Mode: RegComb
        CaSense Mode: NEITHER
        Treat as pin: True
        Is OE Registered: False
        Uses Analog: False
        Can contain Digital: True
        Is SIO: False
        SIO Output Buf: NONREGULATED
        SIO Input Buf: SINGLE_ENDED
        SIO HiFreq: LOW
        SIO Hyst: DISABLED
        SIO Vtrip: MULTIPLIER_0_5
        SIO Multiplier Index: 0
        SIO RefSel: VCC_IO
        Required Capabilities: DIGITAL, LCD_COM
        Initial Value: 1
        IO Voltage: 0
    PORT MAP (
        pa_out => \LCD_Seg_1:Com(1)\__PA ,
        pin_input => \LCD_Seg_1:Net_146_1\ ,
        pad => \LCD_Seg_1:Com(1)_PAD\ );
    Properties:
    {
    }

[IoId=2]: 
Pin : Name = \LCD_Seg_1:Com(2)\
    Attributes:
        In Group/Port: True
        In Sync Option: AUTO
        Out Sync Option: NOSYNC
        Interrupt generated: False
        Interrupt mode: NONE
        Drive mode: CMOS_OUT
        VTrip: EITHER
        Slew: FAST
        Input Sync needed: False
        Output Sync needed: False
        SC shield enabled: False
        POR State: ANY
        LCD Mode: COMMON
        Register Mode: RegComb
        CaSense Mode: NEITHER
        Treat as pin: True
        Is OE Registered: False
        Uses Analog: False
        Can contain Digital: True
        Is SIO: False
        SIO Output Buf: NONREGULATED
        SIO Input Buf: SINGLE_ENDED
        SIO HiFreq: LOW
        SIO Hyst: DISABLED
        SIO Vtrip: MULTIPLIER_0_5
        SIO Multiplier Index: 0
        SIO RefSel: VCC_IO
        Required Capabilities: DIGITAL, LCD_COM
        Initial Value: 1
        IO Voltage: 0
    PORT MAP (
        pa_out => \LCD_Seg_1:Com(2)\__PA ,
        pin_input => \LCD_Seg_1:Net_146_2\ ,
        pad => \LCD_Seg_1:Com(2)_PAD\ );
    Properties:
    {
    }

[IoId=3]: 
Pin : Name = \LCD_Seg_1:Com(3)\
    Attributes:
        In Group/Port: True
        In Sync Option: AUTO
        Out Sync Option: NOSYNC
        Interrupt generated: False
        Interrupt mode: NONE
        Drive mode: CMOS_OUT
        VTrip: EITHER
        Slew: FAST
        Input Sync needed: False
        Output Sync needed: False
        SC shield enabled: False
        POR State: ANY
        LCD Mode: COMMON
        Register Mode: RegComb
        CaSense Mode: NEITHER
        Treat as pin: True
        Is OE Registered: False
        Uses Analog: False
        Can contain Digital: True
        Is SIO: False
        SIO Output Buf: NONREGULATED
        SIO Input Buf: SINGLE_ENDED
        SIO HiFreq: LOW
        SIO Hyst: DISABLED
        SIO Vtrip: MULTIPLIER_0_5
        SIO Multiplier Index: 0
        SIO RefSel: VCC_IO
        Required Capabilities: DIGITAL, LCD_COM
        Initial Value: 1
        IO Voltage: 0
    PORT MAP (
        pa_out => \LCD_Seg_1:Com(3)\__PA ,
        pin_input => \LCD_Seg_1:Net_146_3\ ,
        pad => \LCD_Seg_1:Com(3)_PAD\ );
    Properties:
    {
    }

[IoId=4]: 
Pin : Name = \I2C_1:scl(0)\
    Attributes:
        In Group/Port: True
        In Sync Option: NOSYNC
        Out Sync Option: NOSYNC
        Interrupt generated: False
        Interrupt mode: NONE
        Drive mode: OPEN_DRAIN_LO
        VTrip: CMOS
        Slew: FAST
        Input Sync needed: False
        Output Sync needed: False
        SC shield enabled: False
        POR State: ANY
        LCD Mode: COMMON
        Register Mode: RegComb
        CaSense Mode: NEITHER
        Treat as pin: True
        Is OE Registered: False
        Uses Analog: False
        Can contain Digital: True
        Is SIO: False
        SIO Output Buf: NONREGULATED
        SIO Input Buf: SINGLE_ENDED
        SIO HiFreq: LOW
        SIO Hyst: DISABLED
        SIO Vtrip: MULTIPLIER_0_5
        SIO Multiplier Index: 0
        SIO RefSel: VCC_IO
        Required Capabilities: DIGITAL
        Initial Value: 1
        IO Voltage: 0
    PORT MAP (
        pa_out => \I2C_1:scl(0)\__PA ,
        fb => Net_2283 ,
        pad => \I2C_1:scl(0)_PAD\ );
    Properties:
    {
    }

[IoId=5]: 
Pin : Name = \I2C_1:sda(0)\
    Attributes:
        In Group/Port: True
        In Sync Option: NOSYNC
        Out Sync Option: NOSYNC
        Interrupt generated: False
        Interrupt mode: NONE
        Drive mode: OPEN_DRAIN_LO
        VTrip: CMOS
        Slew: FAST
        Input Sync needed: False
        Output Sync needed: False
        SC shield enabled: False
        POR State: ANY
        LCD Mode: COMMON
        Register Mode: RegComb
        CaSense Mode: NEITHER
        Treat as pin: True
        Is OE Registered: False
        Uses Analog: False
        Can contain Digital: True
        Is SIO: False
        SIO Output Buf: NONREGULATED
        SIO Input Buf: SINGLE_ENDED
        SIO HiFreq: LOW
        SIO Hyst: DISABLED
        SIO Vtrip: MULTIPLIER_0_5
        SIO Multiplier Index: 0
        SIO RefSel: VCC_IO
        Required Capabilities: DIGITAL
        Initial Value: 1
        IO Voltage: 0
    PORT MAP (
        pa_out => \I2C_1:sda(0)\__PA ,
        fb => Net_2284 ,
        pad => \I2C_1:sda(0)_PAD\ );
    Properties:
    {
    }

Port 1 contains the following IO cells:
Port 2 contains the following IO cells:
[IoId=0]: 
Pin : Name = \LCD_Seg_1:Seg(0)\
    Attributes:
        In Group/Port: True
        In Sync Option: AUTO
        Out Sync Option: NOSYNC
        Interrupt generated: False
        Interrupt mode: NONE
        Drive mode: CMOS_OUT
        VTrip: EITHER
        Slew: FAST
        Input Sync needed: False
        Output Sync needed: False
        SC shield enabled: False
        POR State: ANY
        LCD Mode: COMMON
        Register Mode: RegComb
        CaSense Mode: NEITHER
        Treat as pin: True
        Is OE Registered: False
        Uses Analog: False
        Can contain Digital: True
        Is SIO: False
        SIO Output Buf: NONREGULATED
        SIO Input Buf: SINGLE_ENDED
        SIO HiFreq: LOW
        SIO Hyst: DISABLED
        SIO Vtrip: MULTIPLIER_0_5
        SIO Multiplier Index: 0
        SIO RefSel: VCC_IO
        Required Capabilities: DIGITAL, LCD_SEG
        Initial Value: 1
        IO Voltage: 0
    PORT MAP (
        pa_out => \LCD_Seg_1:Seg(0)\__PA ,
        pin_input => \LCD_Seg_1:Net_145_0\ ,
        pad => \LCD_Seg_1:Seg(0)_PAD\ );
    Properties:
    {
    }

[IoId=1]: 
Pin : Name = \LCD_Seg_1:Seg(1)\
    Attributes:
        In Group/Port: True
        In Sync Option: AUTO
        Out Sync Option: NOSYNC
        Interrupt generated: False
        Interrupt mode: NONE
        Drive mode: CMOS_OUT
        VTrip: EITHER
        Slew: FAST
        Input Sync needed: False
        Output Sync needed: False
        SC shield enabled: False
        POR State: ANY
        LCD Mode: COMMON
        Register Mode: RegComb
        CaSense Mode: NEITHER
        Treat as pin: True
        Is OE Registered: False
        Uses Analog: False
        Can contain Digital: True
        Is SIO: False
        SIO Output Buf: NONREGULATED
        SIO Input Buf: SINGLE_ENDED
        SIO HiFreq: LOW
        SIO Hyst: DISABLED
        SIO Vtrip: MULTIPLIER_0_5
        SIO Multiplier Index: 0
        SIO RefSel: VCC_IO
        Required Capabilities: DIGITAL, LCD_SEG
        Initial Value: 1
        IO Voltage: 0
    PORT MAP (
        pa_out => \LCD_Seg_1:Seg(1)\__PA ,
        pin_input => \LCD_Seg_1:Net_145_1\ ,
        pad => \LCD_Seg_1:Seg(1)_PAD\ );
    Properties:
    {
    }

[IoId=2]: 
Pin : Name = \LCD_Seg_1:Seg(2)\
    Attributes:
        In Group/Port: True
        In Sync Option: AUTO
        Out Sync Option: NOSYNC
        Interrupt generated: False
        Interrupt mode: NONE
        Drive mode: CMOS_OUT
        VTrip: EITHER
        Slew: FAST
        Input Sync needed: False
        Output Sync needed: False
        SC shield enabled: False
        POR State: ANY
        LCD Mode: COMMON
        Register Mode: RegComb
        CaSense Mode: NEITHER
        Treat as pin: True
        Is OE Registered: False
        Uses Analog: False
        Can contain Digital: True
        Is SIO: False
        SIO Output Buf: NONREGULATED
        SIO Input Buf: SINGLE_ENDED
        SIO HiFreq: LOW
        SIO Hyst: DISABLED
        SIO Vtrip: MULTIPLIER_0_5
        SIO Multiplier Index: 0
        SIO RefSel: VCC_IO
        Required Capabilities: DIGITAL, LCD_SEG
        Initial Value: 1
        IO Voltage: 0
    PORT MAP (
        pa_out => \LCD_Seg_1:Seg(2)\__PA ,
        pin_input => \LCD_Seg_1:Net_145_2\ ,
        pad => \LCD_Seg_1:Seg(2)_PAD\ );
    Properties:
    {
    }

[IoId=3]: 
Pin : Name = \LCD_Seg_1:Seg(3)\
    Attributes:
        In Group/Port: True
        In Sync Option: AUTO
        Out Sync Option: NOSYNC
        Interrupt generated: False
        Interrupt mode: NONE
        Drive mode: CMOS_OUT
        VTrip: EITHER
        Slew: FAST
        Input Sync needed: False
        Output Sync needed: False
        SC shield enabled: False
        POR State: ANY
        LCD Mode: COMMON
        Register Mode: RegComb
        CaSense Mode: NEITHER
        Treat as pin: True
        Is OE Registered: False
        Uses Analog: False
        Can contain Digital: True
        Is SIO: False
        SIO Output Buf: NONREGULATED
        SIO Input Buf: SINGLE_ENDED
        SIO HiFreq: LOW
        SIO Hyst: DISABLED
        SIO Vtrip: MULTIPLIER_0_5
        SIO Multiplier Index: 0
        SIO RefSel: VCC_IO
        Required Capabilities: DIGITAL, LCD_SEG
        Initial Value: 1
        IO Voltage: 0
    PORT MAP (
        pa_out => \LCD_Seg_1:Seg(3)\__PA ,
        pin_input => \LCD_Seg_1:Net_145_3\ ,
        pad => \LCD_Seg_1:Seg(3)_PAD\ );
    Properties:
    {
    }

[IoId=4]: 
Pin : Name = \LCD_Seg_1:Seg(4)\
    Attributes:
        In Group/Port: True
        In Sync Option: AUTO
        Out Sync Option: NOSYNC
        Interrupt generated: False
        Interrupt mode: NONE
        Drive mode: CMOS_OUT
        VTrip: EITHER
        Slew: FAST
        Input Sync needed: False
        Output Sync needed: False
        SC shield enabled: False
        POR State: ANY
        LCD Mode: COMMON
        Register Mode: RegComb
        CaSense Mode: NEITHER
        Treat as pin: True
        Is OE Registered: False
        Uses Analog: False
        Can contain Digital: True
        Is SIO: False
        SIO Output Buf: NONREGULATED
        SIO Input Buf: SINGLE_ENDED
        SIO HiFreq: LOW
        SIO Hyst: DISABLED
        SIO Vtrip: MULTIPLIER_0_5
        SIO Multiplier Index: 0
        SIO RefSel: VCC_IO
        Required Capabilities: DIGITAL, LCD_SEG
        Initial Value: 1
        IO Voltage: 0
    PORT MAP (
        pa_out => \LCD_Seg_1:Seg(4)\__PA ,
        pin_input => \LCD_Seg_1:Net_145_4\ ,
        pad => \LCD_Seg_1:Seg(4)_PAD\ );
    Properties:
    {
    }

[IoId=5]: 
Pin : Name = \LCD_Seg_1:Seg(5)\
    Attributes:
        In Group/Port: True
        In Sync Option: AUTO
        Out Sync Option: NOSYNC
        Interrupt generated: False
        Interrupt mode: NONE
        Drive mode: CMOS_OUT
        VTrip: EITHER
        Slew: FAST
        Input Sync needed: False
        Output Sync needed: False
        SC shield enabled: False
        POR State: ANY
        LCD Mode: COMMON
        Register Mode: RegComb
        CaSense Mode: NEITHER
        Treat as pin: True
        Is OE Registered: False
        Uses Analog: False
        Can contain Digital: True
        Is SIO: False
        SIO Output Buf: NONREGULATED
        SIO Input Buf: SINGLE_ENDED
        SIO HiFreq: LOW
        SIO Hyst: DISABLED
        SIO Vtrip: MULTIPLIER_0_5
        SIO Multiplier Index: 0
        SIO RefSel: VCC_IO
        Required Capabilities: DIGITAL, LCD_SEG
        Initial Value: 1
        IO Voltage: 0
    PORT MAP (
        pa_out => \LCD_Seg_1:Seg(5)\__PA ,
        pin_input => \LCD_Seg_1:Net_145_5\ ,
        pad => \LCD_Seg_1:Seg(5)_PAD\ );
    Properties:
    {
    }

[IoId=6]: 
Pin : Name = \LCD_Seg_1:Seg(6)\
    Attributes:
        In Group/Port: True
        In Sync Option: AUTO
        Out Sync Option: NOSYNC
        Interrupt generated: False
        Interrupt mode: NONE
        Drive mode: CMOS_OUT
        VTrip: EITHER
        Slew: FAST
        Input Sync needed: False
        Output Sync needed: False
        SC shield enabled: False
        POR State: ANY
        LCD Mode: COMMON
        Register Mode: RegComb
        CaSense Mode: NEITHER
        Treat as pin: True
        Is OE Registered: False
        Uses Analog: False
        Can contain Digital: True
        Is SIO: False
        SIO Output Buf: NONREGULATED
        SIO Input Buf: SINGLE_ENDED
        SIO HiFreq: LOW
        SIO Hyst: DISABLED
        SIO Vtrip: MULTIPLIER_0_5
        SIO Multiplier Index: 0
        SIO RefSel: VCC_IO
        Required Capabilities: DIGITAL, LCD_SEG
        Initial Value: 1
        IO Voltage: 0
    PORT MAP (
        pa_out => \LCD_Seg_1:Seg(6)\__PA ,
        pin_input => \LCD_Seg_1:Net_145_6\ ,
        pad => \LCD_Seg_1:Seg(6)_PAD\ );
    Properties:
    {
    }

[IoId=7]: 
Pin : Name = \LCD_Seg_1:Seg(7)\
    Attributes:
        In Group/Port: True
        In Sync Option: AUTO
        Out Sync Option: NOSYNC
        Interrupt generated: False
        Interrupt mode: NONE
        Drive mode: CMOS_OUT
        VTrip: EITHER
        Slew: FAST
        Input Sync needed: False
        Output Sync needed: False
        SC shield enabled: False
        POR State: ANY
        LCD Mode: COMMON
        Register Mode: RegComb
        CaSense Mode: NEITHER
        Treat as pin: True
        Is OE Registered: False
        Uses Analog: False
        Can contain Digital: True
        Is SIO: False
        SIO Output Buf: NONREGULATED
        SIO Input Buf: SINGLE_ENDED
        SIO HiFreq: LOW
        SIO Hyst: DISABLED
        SIO Vtrip: MULTIPLIER_0_5
        SIO Multiplier Index: 0
        SIO RefSel: VCC_IO
        Required Capabilities: DIGITAL, LCD_SEG
        Initial Value: 1
        IO Voltage: 0
    PORT MAP (
        pa_out => \LCD_Seg_1:Seg(7)\__PA ,
        pin_input => \LCD_Seg_1:Net_145_7\ ,
        pad => \LCD_Seg_1:Seg(7)_PAD\ );
    Properties:
    {
    }

Port 3 contains the following IO cells:
Port 4 contains the following IO cells:
ARM group 0: empty
Clock group 0: 
    Clock Block @ F(Clock,0): 
    m0s8clockblockcell: Name =ClockBlock
        PORT MAP (
            hfclk => ClockBlock_HFClk ,
            imo => ClockBlock_IMO ,
            ext => ClockBlock_ExtClk ,
            sysclk => ClockBlock_SysClk ,
            ilo => ClockBlock_ILO ,
            lfclk => ClockBlock_LFClk ,
            dsi_in_0 => ClockBlock_Routed1 ,
            ff_div_4 => Net_2260_ff4 ,
            ff_div_2 => \I2C_1:Net_847_ff2\ );
        Properties:
        {
        }
LCD group 0: 
    LCD Block @ F(LCD,0): 
    m0s8lcdcell: Name =\LCD_Seg_1:bSeg_LCD\
        PORT MAP (
            clock => Net_2260_ff4 ,
            com_3 => \LCD_Seg_1:Net_146_3\ ,
            com_2 => \LCD_Seg_1:Net_146_2\ ,
            com_1 => \LCD_Seg_1:Net_146_1\ ,
            com_0 => \LCD_Seg_1:Net_146_0\ ,
            seg_7 => \LCD_Seg_1:Net_145_7\ ,
            seg_6 => \LCD_Seg_1:Net_145_6\ ,
            seg_5 => \LCD_Seg_1:Net_145_5\ ,
            seg_4 => \LCD_Seg_1:Net_145_4\ ,
            seg_3 => \LCD_Seg_1:Net_145_3\ ,
            seg_2 => \LCD_Seg_1:Net_145_2\ ,
            seg_1 => \LCD_Seg_1:Net_145_1\ ,
            seg_0 => \LCD_Seg_1:Net_145_0\ );
        Properties:
        {
            common_width = 4
            cy_registers = ""
            segment_width = 8
        }
PICU group 0: empty
LPCOMP group 0: empty
SCB group 0: 
    SCB Block @ F(SCB,1): 
    m0s8scbcell: Name =\I2C_1:SCB\
        PORT MAP (
            clock => \I2C_1:Net_847_ff2\ ,
            interrupt => Net_2267 ,
            uart_tx => \I2C_1:tx_wire\ ,
            uart_rts => \I2C_1:rts_wire\ ,
            mosi_m => \I2C_1:mosi_m_wire\ ,
            select_m_3 => \I2C_1:select_m_wire_3\ ,
            select_m_2 => \I2C_1:select_m_wire_2\ ,
            select_m_1 => \I2C_1:select_m_wire_1\ ,
            select_m_0 => \I2C_1:select_m_wire_0\ ,
            sclk_m => \I2C_1:sclk_m_wire\ ,
            miso_s => \I2C_1:miso_s_wire\ ,
            i2c_scl => Net_2283 ,
            i2c_sda => Net_2284 ,
            tr_tx_req => Net_2285 ,
            tr_rx_req => Net_2276 );
        Properties:
        {
            cy_registers = ""
            scb_mode = 0
        }
CSD group 0: empty
CSIDAC8 group 0: empty
CSIDAC7 group 0: empty
TCPWM group 0: empty
OA group 0: empty
TEMP group 0: empty
SARADC group 0: empty
CLK_GEN group 0: 
    M0S8 Clock Gen Block @ F(CLK_GEN,0): 
    m0s8clockgenblockcell: Name =ClockGenBlock
        PORT MAP (
             );
        Properties:
        {
        }
LPCOMPBLOCK group 0: empty
PASSBLOCK group 0: empty
WCO group 0: empty
SRSS group 0: empty
CPUSS group 0: empty
EXCO group 0: empty
</CYPRESSTAG>
<CYPRESSTAG name="Port Configuration Details">

------------------------------------------------------------
Port Configuration report
------------------------------------------------------------
     |     |       | Interrupt |                  |                    | 
Port | Pin | Fixed |      Type |       Drive Mode |               Name | Connections
-----+-----+-------+-----------+------------------+--------------------+--------------------------
   0 |   0 |     * |      NONE |         CMOS_OUT | \LCD_Seg_1:Com(0)\ | In(\LCD_Seg_1:Net_146_0\)
     |   1 |     * |      NONE |         CMOS_OUT | \LCD_Seg_1:Com(1)\ | In(\LCD_Seg_1:Net_146_1\)
     |   2 |     * |      NONE |         CMOS_OUT | \LCD_Seg_1:Com(2)\ | In(\LCD_Seg_1:Net_146_2\)
     |   3 |     * |      NONE |         CMOS_OUT | \LCD_Seg_1:Com(3)\ | In(\LCD_Seg_1:Net_146_3\)
     |   4 |     * |      NONE |    OPEN_DRAIN_LO |     \I2C_1:scl(0)\ | FB(Net_2283)
     |   5 |     * |      NONE |    OPEN_DRAIN_LO |     \I2C_1:sda(0)\ | FB(Net_2284)
-----+-----+-------+-----------+------------------+--------------------+--------------------------
   2 |   0 |     * |      NONE |         CMOS_OUT | \LCD_Seg_1:Seg(0)\ | In(\LCD_Seg_1:Net_145_0\)
     |   1 |     * |      NONE |         CMOS_OUT | \LCD_Seg_1:Seg(1)\ | In(\LCD_Seg_1:Net_145_1\)
     |   2 |     * |      NONE |         CMOS_OUT | \LCD_Seg_1:Seg(2)\ | In(\LCD_Seg_1:Net_145_2\)
     |   3 |     * |      NONE |         CMOS_OUT | \LCD_Seg_1:Seg(3)\ | In(\LCD_Seg_1:Net_145_3\)
     |   4 |     * |      NONE |         CMOS_OUT | \LCD_Seg_1:Seg(4)\ | In(\LCD_Seg_1:Net_145_4\)
     |   5 |     * |      NONE |         CMOS_OUT | \LCD_Seg_1:Seg(5)\ | In(\LCD_Seg_1:Net_145_5\)
     |   6 |     * |      NONE |         CMOS_OUT | \LCD_Seg_1:Seg(6)\ | In(\LCD_Seg_1:Net_145_6\)
     |   7 |     * |      NONE |         CMOS_OUT | \LCD_Seg_1:Seg(7)\ | In(\LCD_Seg_1:Net_145_7\)
--------------------------------------------------------------------------------------------------
</CYPRESSTAG>
</CYPRESSTAG>
</CYPRESSTAG>
Digital component placer commit/Report: Elapsed time ==> 0s.016ms
Digital Placement phase: Elapsed time ==> 0s.301ms
</CYPRESSTAG>
<CYPRESSTAG name="Digital Routing">
"C:\Program Files (x86)\Cypress\PSoC Creator\4.4\PSoC Creator\bin/sjrouter.exe" --xml-path "C:\Program Files (x86)\Cypress\PSoC Creator\4.4\PSoC Creator\dev\psoc4/psoc4a/route_arch-rrg.cydata" --vh2-path "BigOleLCD_r.vh2" --pcf-path "BigOleLCD.pco" --des-name "BigOleLCD" --dsf-path "BigOleLCD.dsf" --sdc-path "BigOleLCD.sdc" --lib-path "BigOleLCD_r.lib"
Routing successful.
Digital Routing phase: Elapsed time ==> 0s.369ms
</CYPRESSTAG>
<CYPRESSTAG name="Bitstream Generation">
Bitstream Generation phase: Elapsed time ==> 0s.099ms
</CYPRESSTAG>
<CYPRESSTAG name="Bitstream Verification">
Bitstream Verification phase: Elapsed time ==> 0s.003ms
</CYPRESSTAG>
<CYPRESSTAG name="Static timing analysis">
Timing report is in BigOleLCD_timing.html.
Static timing analysis phase: Elapsed time ==> 0s.107ms
</CYPRESSTAG>
<CYPRESSTAG name="Data reporting">
Data reporting phase: Elapsed time ==> 0s.000ms
</CYPRESSTAG>
<CYPRESSTAG name="Database update...">
Design database save phase: Elapsed time ==> 0s.117ms
</CYPRESSTAG>
cydsfit: Elapsed time ==> 1s.335ms
</CYPRESSTAG>
Fitter phase: Elapsed time ==> 1s.336ms
API generation phase: Elapsed time ==> 0s.790ms
Dependency generation phase: Elapsed time ==> 0s.016ms
Cleanup phase: Elapsed time ==> 0s.001ms
